2025-05-15 23:49:06,773 - INFO - Resolución original del video: 1920x1080
2025-05-15 23:49:06,802 - INFO - GPU NVIDIA detectada via GPUtil: NVIDIA GeForce GTX 1060 5GB
2025-05-15 23:49:06,868 - INFO - Codificador NVIDIA detectado en ffmpeg
2025-05-15 23:49:06,868 - INFO - Codificador AMD detectado en ffmpeg
2025-05-15 23:49:06,868 - INFO - GPU NVIDIA detectada, usando aceleración por hardware NVENC
2025-05-15 23:49:06,868 - INFO - Rescalado activado
2025-05-15 23:49:06,942 - WARNING - No se detectó audio en el video. Procesando solo video.
2025-05-15 23:49:06,943 - WARNING - No se detectó audio en el video. Procesando solo video.
2025-05-15 23:49:06,943 - WARNING - No se detectó audio en el video. Procesando solo video.
2025-05-15 23:49:13,992 - INFO - Conversiones exitosas: 1080p, 720p, 480p
2025-05-15 23:49:13,992 - INFO - Creando playlist master...
2025-05-15 23:49:13,992 - INFO - Master playlist creado en: /home/ivan/Back/media/hls/pelicula/Carretera3/playlist.m3u8
2025-05-15 23:49:15,318 - WARNING - Not Found: /movies/progress/18/
2025-05-15 23:49:15,318 - WARNING - Not Found: /movies/progress/17/
2025-05-15 23:49:15,319 - WARNING - Not Found: /movies/progress/6/
2025-05-15 23:49:15,321 - WARNING - Not Found: /movies/progress/2/
2025-05-15 23:49:15,321 - WARNING - Not Found: /movies/progress/17/
2025-05-15 23:49:15,329 - WARNING - Not Found: /movies/progress/19/
2025-05-15 23:49:15,329 - WARNING - Not Found: /movies/progress/17/
2025-05-15 23:49:15,330 - WARNING - Not Found: /movies/progress/18/
2025-05-15 23:49:15,343 - WARNING - Not Found: /movies/progress/2/
2025-05-15 23:49:15,366 - WARNING - Not Found: /movies/progress/18/
2025-05-15 23:49:15,372 - WARNING - Not Found: /movies/progress/6/
2025-05-15 23:49:15,379 - WARNING - Not Found: /movies/progress/2/
2025-05-15 23:49:15,428 - WARNING - Not Found: /movies/progress/20/
2025-05-15 23:49:15,428 - WARNING - Not Found: /movies/progress/19/
2025-05-15 23:49:15,443 - WARNING - Not Found: /movies/progress/19/
2025-05-15 23:49:15,478 - WARNING - Not Found: /movies/progress/20/
2025-05-15 23:49:15,478 - WARNING - Not Found: /movies/progress/20/
2025-05-15 23:49:18,496 - WARNING - Not Found: /movies/progress/18/
2025-05-15 23:49:18,496 - WARNING - Not Found: /movies/progress/20/
2025-05-15 23:49:18,496 - WARNING - Not Found: /movies/progress/17/
2025-05-15 23:49:18,497 - WARNING - Not Found: /movies/progress/6/
2025-05-15 23:49:18,498 - WARNING - Not Found: /movies/progress/19/
2025-05-15 23:49:18,499 - WARNING - Not Found: /movies/progress/18/
2025-05-15 23:49:18,550 - WARNING - Not Found: /movies/progress/17/
2025-05-15 23:49:18,550 - WARNING - Not Found: /movies/progress/2/
2025-05-15 23:49:18,552 - WARNING - Not Found: /movies/progress/2/
2025-05-15 23:49:18,552 - WARNING - Not Found: /movies/progress/19/
2025-05-15 23:49:18,577 - WARNING - Not Found: /movies/progress/18/
2025-05-15 23:49:18,602 - WARNING - Not Found: /movies/progress/20/
2025-05-15 23:49:18,603 - WARNING - Not Found: /movies/progress/17/
2025-05-15 23:49:18,606 - WARNING - Not Found: /movies/progress/6/
2025-05-15 23:49:18,606 - WARNING - Not Found: /movies/progress/2/
2025-05-15 23:49:18,606 - WARNING - Not Found: /movies/progress/19/
2025-05-15 23:49:18,626 - WARNING - Not Found: /movies/progress/20/
2025-05-15 23:49:23,792 - WARNING - Not Found: /movies/progress/20/
2025-05-15 23:49:24,628 - WARNING - Not Found: /movies/progress/20/
